Input: sampleDocInstances/ex5-1d.in,	 Cores: 4, 	 Elapsed Time: 5.12693e-06 seconds
Input: sampleDocInstances/ex10-2d.in,	 Cores: 4, 	 Elapsed Time: 9.94932e-06 seconds
Input: sampleDocInstances/ex1000-50d.in,	 Cores: 4, 	 Elapsed Time: 0.09785 seconds
Input: sampleDocInstances/ex5-1d.in,	 Cores: 4, 	 Elapsed Time: 0.010209 seconds
Input: sampleDocInstances/ex10-2d.in,	 Cores: 4, 	 Elapsed Time: 0.0102205 seconds
Input: sampleDocInstances/ex1000-50d.in,	 Cores: 4, 	 Elapsed Time: 0.0734004 seconds
==Serial Test== Input: sampleDocInstances/ex5-1d.in,		 Cores: 4, 		 Elapsed Time: 4.6771e-06 seconds
==Serial Test== Input: sampleDocInstances/ex10-2d.in,		 Cores: 4, 		 Elapsed Time: 9.574e-06 seconds
==Serial Test== Input: sampleDocInstances/ex1000-50d.in,		 Cores: 4, 		 Elapsed Time: 0.0976264 seconds
Input: sampleDocInstances/ex5-1d.in,	 Cores: 4, 	 Elapsed Time: 0.0102559 seconds
Input: sampleDocInstances/ex10-2d.in,	 Cores: 4, 	 Elapsed Time: 0.0102377 seconds
Input: sampleDocInstances/ex1000-50d.in,	 Cores: 4, 	 Elapsed Time: 0.0736958 seconds
==Serial Test== Input: sampleDocInstances/ex5-1d.in,	 Cores: 4, 		 Elapsed Time: 5.34486e-06 seconds
==Serial Test== Input: sampleDocInstances/ex10-2d.in,	 Cores: 4, 		 Elapsed Time: 9.65968e-06 seconds
==Serial Test== Input: sampleDocInstances/ex1000-50d.in,	 Cores: 4, 		 Elapsed Time: 0.0978795 seconds
== Paralel == Input: sampleDocInstances/ex5-1d.in,	 Cores: 4, 		 Elapsed Time: 0.0110682 seconds
== Paralel == Input: sampleDocInstances/ex10-2d.in,	 Cores: 4, 		 Elapsed Time: 0.0101125 seconds
== Paralel == Input: sampleDocInstances/ex1000-50d.in,	 Cores: 4, 		 Elapsed Time: 0.0735361 seconds
==Serial Test== Input: sampleDocInstances/ex5-1d.in,	 Cores: 4, 		 Elapsed Time: 5.00958e-06 seconds
==Serial Test== Input: sampleDocInstances/ex10-2d.in,	 Cores: 4, 		 Elapsed Time: 9.51998e-06 seconds
==Serial Test== Input: sampleDocInstances/ex1000-50d.in,	 Cores: 4, 		 Elapsed Time: 0.0977972 seconds
== Paralel == Input: sampleDocInstances/ex5-1d.in,	 Cores: 4, 		 Elapsed Time: 0.0101207 seconds
== Paralel == Input: sampleDocInstances/ex10-2d.in,	 Cores: 4, 		 Elapsed Time: 0.0102439 seconds
== Paralel == Input: sampleDocInstances/ex1000-50d.in,	 Cores: 4, 		 Elapsed Time: 0.0737447 seconds
==Serial Test== Input: sampleDocInstances/ex5-1d.in,	 Cores: 4, 		 Elapsed Time: 5.59e-06 seconds
==Serial Test== Input: sampleDocInstances/ex10-2d.in,	 Cores: 4, 		 Elapsed Time: 1.2655e-05 seconds
==Serial Test== Input: sampleDocInstances/ex1000-50d.in,	 Cores: 4, 		 Elapsed Time: 0.0777542 seconds
== Paralel == Input: sampleDocInstances/ex5-1d.in,	 Cores: 4, 		 Elapsed Time: 0.0102945 seconds
== Paralel == Input: sampleDocInstances/ex10-2d.in,	 Cores: 4, 		 Elapsed Time: 0.0109336 seconds
== Paralel == Input: sampleDocInstances/ex1000-50d.in,	 Cores: 4, 		 Elapsed Time: 0.0508429 seconds
==Serial Test== Input: sampleDocInstances/ex1M-100d.in,	 Cores: 4, 		 Elapsed Time: 197.524 seconds
== Paralel == Input: sampleDocInstances/ex1M-100d.in,	 Cores: 4, 		 Elapsed Time: 121.04 seconds
== Paralel == Input: sampleDocInstances/ex1M-100d.in,	 Cores: 4, 		 Elapsed Time: 121.238 seconds
