==Serial Test== Input: sampleDocInstances/ex5-1d.in,	 Cores: 4, 		 Elapsed Time: 5.653e-06 seconds
==Serial Test== Input: sampleDocInstances/ex10-2d.in,	 Cores: 4, 		 Elapsed Time: 1.2556e-05 seconds
==Serial Test== Input: sampleDocInstances/ex1000-50d.in,	 Cores: 4, 		 Elapsed Time: 0.0777376 seconds
== Paralel == Input: sampleDocInstances/ex5-1d.in,	 Cores: 4, 		 Elapsed Time: 0.0106507 seconds
== Paralel == Input: sampleDocInstances/ex10-2d.in,	 Cores: 4, 		 Elapsed Time: 0.010622 seconds
== Paralel == Input: sampleDocInstances/ex1000-50d.in,	 Cores: 4, 		 Elapsed Time: 0.0247585 seconds
==Serial Test== Input: sampleDocInstances/ex5-1d.in,	 Cores: 4, 		 Elapsed Time: 5.51801e-06 seconds
==Serial Test== Input: sampleDocInstances/ex10-2d.in,	 Cores: 4, 		 Elapsed Time: 1.236e-05 seconds
==Serial Test== Input: sampleDocInstances/ex1000-50d.in,	 Cores: 4, 		 Elapsed Time: 0.0778914 seconds
== Paralel == Input: sampleDocInstances/ex5-1d.in,	 Cores: 4, 		 Elapsed Time: 0.0106258 seconds
== Paralel == Input: sampleDocInstances/ex10-2d.in,	 Cores: 4, 		 Elapsed Time: 0.0110118 seconds
== Paralel == Input: sampleDocInstances/ex1000-50d.in,	 Cores: 4, 		 Elapsed Time: 0.0241885 seconds
==Serial Test== Input: sampleDocInstances/ex5-1d.in,	 Cores: 4, 		 Elapsed Time: 5.54101e-06 seconds
==Serial Test== Input: sampleDocInstances/ex10-2d.in,	 Cores: 4, 		 Elapsed Time: 1.2499e-05 seconds
==Serial Test== Input: sampleDocInstances/ex1000-50d.in,	 Cores: 4, 		 Elapsed Time: 0.0777437 seconds
== Paralel == Input: sampleDocInstances/ex5-1d.in,	 Cores: 4, 		 Elapsed Time: 0.0108114 seconds
== Paralel == Input: sampleDocInstances/ex10-2d.in,	 Cores: 4, 		 Elapsed Time: 0.0106301 seconds
== Paralel == Input: sampleDocInstances/ex1000-50d.in,	 Cores: 4, 		 Elapsed Time: 0.023556 seconds
==Serial Test== Input: sampleDocInstances/ex1M-100d.in,	 Cores: 4, 		 Elapsed Time: 197.542 seconds
== Paralel == Input: sampleDocInstances/ex1M-100d.in,	 Cores: 4, 		 Elapsed Time: 57.2264 seconds
